2024-07-02T23:39:02.947+06:00  INFO 7676 --- [doctormangment] [main] c.d.DoctormangmentApplication            : Starting DoctormangmentApplication using Java 17.0.8 with PID 7676 (D:\pp\SpringBootAngularProject\HealtchCaremanagement\doctormangment\target\classes started by saiful Islam in D:\pp\SpringBootAngularProject\HealtchCaremanagement\doctormangment)
2024-07-02T23:39:02.955+06:00  INFO 7676 --- [doctormangment] [main] c.d.DoctormangmentApplication            : No active profile set, falling back to 1 default profile: "default"
2024-07-02T23:39:03.676+06:00  INFO 7676 --- [doctormangment] [main] .s.d.r.c.RepositoryConfigurationDelegate : Bootstrapping Spring Data JPA repositories in DEFAULT mode.
2024-07-02T23:39:03.723+06:00  INFO 7676 --- [doctormangment] [main] .s.d.r.c.RepositoryConfigurationDelegate : Finished Spring Data repository scanning in 52 ms. Found 1 JPA repository interface.
2024-07-02T23:39:04.160+06:00  INFO 7676 --- [doctormangment] [main] o.s.b.w.embedded.tomcat.TomcatWebServer  : Tomcat initialized with port 8080 (http)
2024-07-02T23:39:04.176+06:00  INFO 7676 --- [doctormangment] [main] o.apache.catalina.core.StandardService   : Starting service [Tomcat]
2024-07-02T23:39:04.176+06:00  INFO 7676 --- [doctormangment] [main] o.apache.catalina.core.StandardEngine    : Starting Servlet engine: [Apache Tomcat/10.1.25]
2024-07-02T23:39:04.223+06:00  INFO 7676 --- [doctormangment] [main] o.a.c.c.C.[Tomcat].[localhost].[/]       : Initializing Spring embedded WebApplicationContext
2024-07-02T23:39:04.223+06:00  INFO 7676 --- [doctormangment] [main] w.s.c.ServletWebServerApplicationContext : Root WebApplicationContext: initialization completed in 1202 ms
2024-07-02T23:39:04.363+06:00  INFO 7676 --- [doctormangment] [main] o.hibernate.jpa.internal.util.LogHelper  : HHH000204: Processing PersistenceUnitInfo [name: default]
2024-07-02T23:39:04.410+06:00  INFO 7676 --- [doctormangment] [main] org.hibernate.Version                    : HHH000412: Hibernate ORM core version 6.4.9.Final
2024-07-02T23:39:04.457+06:00  INFO 7676 --- [doctormangment] [main] o.h.c.internal.RegionFactoryInitiator    : HHH000026: Second-level cache disabled
2024-07-02T23:39:04.629+06:00  INFO 7676 --- [doctormangment] [main] o.s.o.j.p.SpringPersistenceUnitInfo      : No LoadTimeWeaver setup: ignoring JPA class transformer
2024-07-02T23:39:04.645+06:00  INFO 7676 --- [doctormangment] [main] com.zaxxer.hikari.HikariDataSource       : HikariPool-1 - Starting...
2024-07-02T23:39:04.941+06:00  INFO 7676 --- [doctormangment] [main] com.zaxxer.hikari.pool.HikariPool        : HikariPool-1 - Added connection com.mysql.cj.jdbc.ConnectionImpl@658e7ead
2024-07-02T23:39:04.941+06:00  INFO 7676 --- [doctormangment] [main] com.zaxxer.hikari.HikariDataSource       : HikariPool-1 - Start completed.
2024-07-02T23:39:04.973+06:00  WARN 7676 --- [doctormangment] [main] org.hibernate.orm.deprecation            : HHH90000025: MySQL8Dialect does not need to be specified explicitly using 'hibernate.dialect' (remove the property setting and it will be selected by default)
2024-07-02T23:39:04.973+06:00  WARN 7676 --- [doctormangment] [main] org.hibernate.orm.deprecation            : HHH90000026: MySQL8Dialect has been deprecated; use org.hibernate.dialect.MySQLDialect instead
2024-07-02T23:39:05.714+06:00  INFO 7676 --- [doctormangment] [main] o.h.e.t.j.p.i.JtaPlatformInitiator       : HHH000489: No JTA platform available (set 'hibernate.transaction.jta.platform' to enable JTA platform integration)
2024-07-02T23:39:05.792+06:00  INFO 7676 --- [doctormangment] [main] j.LocalContainerEntityManagerFactoryBean : Initialized JPA EntityManagerFactory for persistence unit 'default'
2024-07-02T23:39:05.980+06:00  WARN 7676 --- [doctormangment] [main] JpaBaseConfiguration$JpaWebConfiguration : spring.jpa.open-in-view is enabled by default. Therefore, database queries may be performed during view rendering. Explicitly configure spring.jpa.open-in-view to disable this warning
2024-07-02T23:39:06.276+06:00  INFO 7676 --- [doctormangment] [main] o.s.b.w.embedded.tomcat.TomcatWebServer  : Tomcat started on port 8080 (http) with context path ''
2024-07-02T23:39:06.276+06:00  INFO 7676 --- [doctormangment] [main] c.d.DoctormangmentApplication            : Started DoctormangmentApplication in 3.918 seconds (process running for 5.0)
2024-07-02T23:39:14.177+06:00  INFO 7676 --- [doctormangment] [http-nio-8080-exec-2] o.a.c.c.C.[Tomcat].[localhost].[/]       : Initializing Spring DispatcherServlet 'dispatcherServlet'
2024-07-02T23:39:14.177+06:00  INFO 7676 --- [doctormangment] [http-nio-8080-exec-2] o.s.web.servlet.DispatcherServlet        : Initializing Servlet 'dispatcherServlet'
2024-07-02T23:39:14.179+06:00  INFO 7676 --- [doctormangment] [http-nio-8080-exec-2] o.s.web.servlet.DispatcherServlet        : Completed initialization in 2 ms
